<?xml version="1.0" encoding="UTF-8"?>
<!-- Generated by org.testng.reporters.JUnitReportReporter -->
<testsuite hostname="DESKTOP-LSCDS72" name="com.testcase.TC1_signinvalidation" tests="1" failures="0" timestamp="21 Feb 2021 08:13:15 GMT" time="15.042" errors="0">
  <testcase name="signinvalidation" time="15.042" classname="com.testcase.TC1_signinvalidation"/>
</testsuite> <!-- com.testcase.TC1_signinvalidation -->
